<?xml version="1.0" encoding="UTF-8"?>
<testng-results ignored="0" total="1" passed="1" failed="0" skipped="0">
  <reporter-output>
  </reporter-output>
  <suite started-at="2023-01-17T19:36:35 IST" name="Suite" finished-at="2023-01-17T19:37:27 IST" duration-ms="51669">
    <groups>
    </groups>
    <test started-at="2023-01-17T19:36:35 IST" name="Test" finished-at="2023-01-17T19:37:27 IST" duration-ms="51669">
      <class name="com.qa.testLayer.TestCase01">
        <test-method is-config="true" signature="start()[pri:0, instance:com.qa.testLayer.TestCase01@1aa7ecca]" started-at="2023-01-17T19:36:35 IST" name="start" finished-at="2023-01-17T19:36:36 IST" duration-ms="205" status="PASS">
          <reporter-output>
          </reporter-output>
        </test-method> <!-- start -->
        <test-method is-config="true" signature="setUp(java.lang.String)[pri:0, instance:com.qa.testLayer.TestCase01@1aa7ecca]" started-at="2023-01-17T19:36:36 IST" name="setUp" finished-at="2023-01-17T19:37:26 IST" duration-ms="50191" status="PASS">
          <params>
            <param index="0">
              <value>
                <![CDATA[chrome]]>
              </value>
            </param>
          </params>
          <reporter-output>
          </reporter-output>
        </test-method> <!-- setUp -->
        <test-method signature="sortTheValue()[pri:0, instance:com.qa.testLayer.TestCase01@1aa7ecca]" started-at="2023-01-17T19:37:26 IST" name="sortTheValue" finished-at="2023-01-17T19:37:27 IST" duration-ms="1210" status="PASS">
          <reporter-output>
          </reporter-output>
        </test-method> <!-- sortTheValue -->
        <test-method is-config="true" signature="tearDown()[pri:0, instance:com.qa.testLayer.TestCase01@1aa7ecca]" started-at="2023-01-17T19:37:27 IST" name="tearDown" finished-at="2023-01-17T19:37:27 IST" duration-ms="1" status="PASS">
          <reporter-output>
          </reporter-output>
        </test-method> <!-- tearDown -->
        <test-method is-config="true" signature="stop()[pri:0, instance:com.qa.testLayer.TestCase01@1aa7ecca]" started-at="2023-01-17T19:37:27 IST" name="stop" finished-at="2023-01-17T19:37:27 IST" duration-ms="1" status="PASS">
          <reporter-output>
          </reporter-output>
        </test-method> <!-- stop -->
      </class> <!-- com.qa.testLayer.TestCase01 -->
    </test> <!-- Test -->
  </suite> <!-- Suite -->
</testng-results>
